<?xml version="1.0" encoding="UTF-8"?>
<testsuite xmlns:xsi="http://www.w3.org/2001/XMLSchema-instance" xsi:noNamespaceSchemaLocation="https://maven.apache.org/surefire/maven-surefire-plugin/xsd/surefire-test-report.xsd" name="com.cyberesicg.AppTest" time="0.007" tests="1" errors="0" skipped="0" failures="0">
  <properties>
    <property name="awt.toolkit" value="sun.lwawt.macosx.LWCToolkit"/>
    <property name="java.specification.version" value="12"/>
    <property name="sun.jnu.encoding" value="UTF-8"/>
    <property name="java.class.path" value="/Users/nkeller/Documents/OSCAL/OSCAL_CPRT_Tool_Source_Code/oscal-cprt/target/test-classes:/Users/nkeller/Documents/OSCAL/OSCAL_CPRT_Tool_Source_Code/oscal-cprt/target/classes:/Users/nkeller/.m2/repository/junit/junit/4.11/junit-4.11.jar:/Users/nkeller/.m2/repository/org/hamcrest/hamcrest-core/1.3/hamcrest-core-1.3.jar:/Users/nkeller/.m2/repository/com/fasterxml/jackson/core/jackson-databind/2.15.1/jackson-databind-2.15.1.jar:/Users/nkeller/.m2/repository/com/fasterxml/jackson/core/jackson-annotations/2.15.1/jackson-annotations-2.15.1.jar:/Users/nkeller/.m2/repository/com/fasterxml/jackson/core/jackson-core/2.15.1/jackson-core-2.15.1.jar:"/>
    <property name="java.vm.vendor" value="Oracle Corporation"/>
    <property name="sun.arch.data.model" value="64"/>
    <property name="java.vendor.url" value="https://java.oracle.com/"/>
    <property name="os.name" value="Mac OS X"/>
    <property name="java.vm.specification.version" value="12"/>
    <property name="sun.java.launcher" value="SUN_STANDARD"/>
    <property name="user.country" value="US"/>
    <property name="sun.boot.library.path" value="/Library/Java/JavaVirtualMachines/jdk-12.0.2.jdk/Contents/Home/lib"/>
    <property name="sun.java.command" value="/Users/nkeller/Documents/OSCAL/OSCAL_CPRT_Tool_Source_Code/oscal-cprt/target/surefire/surefirebooter10446826948397165426.jar /Users/nkeller/Documents/OSCAL/OSCAL_CPRT_Tool_Source_Code/oscal-cprt/target/surefire 2023-09-18T16-01-06_365-jvmRun1 surefire14541532122480106599tmp surefire_07459899851158094570tmp"/>
    <property name="jdk.debug" value="release"/>
    <property name="surefire.test.class.path" value="/Users/nkeller/Documents/OSCAL/OSCAL_CPRT_Tool_Source_Code/oscal-cprt/target/test-classes:/Users/nkeller/Documents/OSCAL/OSCAL_CPRT_Tool_Source_Code/oscal-cprt/target/classes:/Users/nkeller/.m2/repository/junit/junit/4.11/junit-4.11.jar:/Users/nkeller/.m2/repository/org/hamcrest/hamcrest-core/1.3/hamcrest-core-1.3.jar:/Users/nkeller/.m2/repository/com/fasterxml/jackson/core/jackson-databind/2.15.1/jackson-databind-2.15.1.jar:/Users/nkeller/.m2/repository/com/fasterxml/jackson/core/jackson-annotations/2.15.1/jackson-annotations-2.15.1.jar:/Users/nkeller/.m2/repository/com/fasterxml/jackson/core/jackson-core/2.15.1/jackson-core-2.15.1.jar:"/>
    <property name="sun.cpu.endian" value="little"/>
    <property name="user.home" value="/Users/nkeller"/>
    <property name="user.language" value="en"/>
    <property name="java.specification.vendor" value="Oracle Corporation"/>
    <property name="java.version.date" value="2019-07-16"/>
    <property name="java.home" value="/Library/Java/JavaVirtualMachines/jdk-12.0.2.jdk/Contents/Home"/>
    <property name="file.separator" value="/"/>
    <property name="basedir" value="/Users/nkeller/Documents/OSCAL/OSCAL_CPRT_Tool_Source_Code/oscal-cprt"/>
    <property name="java.vm.compressedOopsMode" value="Zero based"/>
    <property name="line.separator" value="&#10;"/>
    <property name="java.vm.specification.vendor" value="Oracle Corporation"/>
    <property name="java.specification.name" value="Java Platform API Specification"/>
    <property name="java.awt.graphicsenv" value="sun.awt.CGraphicsEnvironment"/>
    <property name="surefire.real.class.path" value="/Users/nkeller/Documents/OSCAL/OSCAL_CPRT_Tool_Source_Code/oscal-cprt/target/surefire/surefirebooter10446826948397165426.jar"/>
    <property name="sun.management.compiler" value="HotSpot 64-Bit Tiered Compilers"/>
    <property name="java.runtime.version" value="12.0.2+10"/>
    <property name="user.name" value="nkeller"/>
    <property name="path.separator" value=":"/>
    <property name="os.version" value="10.16"/>
    <property name="java.runtime.name" value="Java(TM) SE Runtime Environment"/>
    <property name="file.encoding" value="UTF-8"/>
    <property name="java.vm.name" value="Java HotSpot(TM) 64-Bit Server VM"/>
    <property name="localRepository" value="/Users/nkeller/.m2/repository"/>
    <property name="java.vendor.url.bug" value="https://bugreport.java.com/bugreport/"/>
    <property name="java.io.tmpdir" value="/var/folders/sv/1qt2vzmx29b1dkbjgv8dnllh0018jr/T/"/>
    <property name="idea.version" value="2021.3.2"/>
    <property name="java.version" value="12.0.2"/>
    <property name="user.dir" value="/Users/nkeller/Documents/OSCAL/OSCAL_CPRT_Tool_Source_Code/oscal-cprt"/>
    <property name="os.arch" value="x86_64"/>
    <property name="java.vm.specification.name" value="Java Virtual Machine Specification"/>
    <property name="java.library.path" value="/Users/nkeller/Library/Java/Extensions:/Library/Java/Extensions:/Network/Library/Java/Extensions:/System/Library/Java/Extensions:/usr/lib/java:."/>
    <property name="java.vm.info" value="mixed mode, sharing"/>
    <property name="java.vendor" value="Oracle Corporation"/>
    <property name="java.vm.version" value="12.0.2+10"/>
    <property name="sun.io.unicode.encoding" value="UnicodeBig"/>
    <property name="java.class.version" value="56.0"/>
  </properties>
  <testcase name="shouldAnswerWithTrue" classname="com.cyberesicg.AppTest" time="0.001"/>
</testsuite>